<?xml version="1.0" encoding="UTF-8"?>
<!-- Generated by org.testng.reporters.JUnitReportReporter -->
<testsuite hostname="TestingWorld-PC" name="testing.B" tests="2" failures="0" timestamp="11 Aug 2018 08:30:37 GMT" time="0.091" errors="0">
  <testcase name="tc001" time="0.004" classname="testing.B"/>
  <testcase name="tc002" time="0.087" classname="testing.B"/>
</testsuite> <!-- testing.B -->
